<?xml version="1.0" encoding="UTF-8"?>
<testsuite xmlns:xsi="http://www.w3.org/2001/XMLSchema-instance" xsi:noNamespaceSchemaLocation="https://maven.apache.org/surefire/maven-surefire-plugin/xsd/surefire-test-report-3.0.xsd" version="3.0" name="unpsjb.labprog.backend.steps.personas.RunPersonaTest" time="0.141" tests="9" errors="0" skipped="0" failures="0">
  <properties>
[...]
</properties>
  <testcase name="ingresar nuevas personas #1" classname="Gestión de personas" time="0.054">
    <system-out><![CDATA[
Esquema del escenario: ingresar nuevas personas                                                                             &amp#27;[90m# src/test/resources/features/personas/personas.feature:13&amp#27;[0m
  &amp#27;[32mDada &amp#27;[0m&amp#27;[32mla persona con "&amp#27;[0m&amp#27;[32m&amp#27;[1mAlberto&amp#27;[0m&amp#27;[32m" "&amp#27;[0m&amp#27;[32m&amp#27;[1mLopez&amp#27;[0m&amp#27;[32m" &amp#27;[0m&amp#27;[32m&amp#27;[1m10100100&amp#27;[0m&amp#27;[32m "&amp#27;[0m&amp#27;[32m&amp#27;[1m27101001009&amp#27;[0m&amp#27;[32m" "&amp#27;[0m&amp#27;[32m&amp#27;[1mM&amp#27;[0m&amp#27;[32m" "&amp#27;[0m&amp#27;[32m&amp#27;[1mProfesor de Biología&amp#27;[0m&amp#27;[32m" "&amp#27;[0m&amp#27;[32m&amp#27;[1mCharcas 54&amp#27;[0m&amp#27;[32m" "&amp#27;[0m&amp#27;[32m&amp#27;[1m+54 (280) 411-1111&amp#27;[0m&amp#27;[32m"&amp#27;[0m &amp#27;[90m# unpsjb.labprog.backend.steps.personas.PersonaSteps.la_persona_con(java.lang.String,java.lang.String,java.lang.Long,java.lang.String,java.lang.String,java.lang.String,java.lang.String,java.lang.String)&amp#27;[0m
Hibernate: select p1_0.dni,p1_0.apellido,p1_0.cuil,p1_0.domicilio,p1_0.nombre,p1_0.sexo,p1_0.telefono,p1_0.titulo from persona p1_0 where p1_0.dni=?
Hibernate: insert into persona (apellido,cuil,domicilio,nombre,sexo,telefono,titulo,dni) values (?,?,?,?,?,?,?,?)
  &amp#27;[32mCuando &amp#27;[0m&amp#27;[32mse presiona el botón de guardar&amp#27;[0m                                                                                    &amp#27;[90m# unpsjb.labprog.backend.steps.personas.PersonaSteps.se_presiona_el_boton_de_guardar()&amp#27;[0m
  &amp#27;[32mEntonces &amp#27;[0m&amp#27;[32mse espera el siguiente &amp#27;[0m&amp#27;[32m&amp#27;[1m200&amp#27;[0m&amp#27;[32m con la "&amp#27;[0m&amp#27;[32m&amp#27;[1mAlberto Lopez con DNI 10100100 ingresado/a correctamente&amp#27;[0m&amp#27;[32m"&amp#27;[0m                     &amp#27;[90m# unpsjb.labprog.backend.steps.personas.PersonaSteps.se_espera_el_siguiente_status_con_la_respuesta(int,java.lang.String)&amp#27;[0m
]]></system-out>
  </testcase>
  <testcase name="ingresar nuevas personas #2" classname="Gestión de personas" time="0.007">
    <system-out><![CDATA[
Esquema del escenario: ingresar nuevas personas                                                                              &amp#27;[90m# src/test/resources/features/personas/personas.feature:14&amp#27;[0m
  &amp#27;[32mDada &amp#27;[0m&amp#27;[32mla persona con "&amp#27;[0m&amp#27;[32m&amp#27;[1mSusana&amp#27;[0m&amp#27;[32m" "&amp#27;[0m&amp#27;[32m&amp#27;[1mÁlvarez&amp#27;[0m&amp#27;[32m" &amp#27;[0m&amp#27;[32m&amp#27;[1m20200200&amp#27;[0m&amp#27;[32m "&amp#27;[0m&amp#27;[32m&amp#27;[1m20202002009&amp#27;[0m&amp#27;[32m" "&amp#27;[0m&amp#27;[32m&amp#27;[1mF&amp#27;[0m&amp#27;[32m" "&amp#27;[0m&amp#27;[32m&amp#27;[1mProfesora de historia&amp#27;[0m&amp#27;[32m" "&amp#27;[0m&amp#27;[32m&amp#27;[1mMitre 154&amp#27;[0m&amp#27;[32m" "&amp#27;[0m&amp#27;[32m&amp#27;[1m+54 (280) 422-2222&amp#27;[0m&amp#27;[32m"&amp#27;[0m &amp#27;[90m# unpsjb.labprog.backend.steps.personas.PersonaSteps.la_persona_con(java.lang.String,java.lang.String,java.lang.Long,java.lang.String,java.lang.String,java.lang.String,java.lang.String,java.lang.String)&amp#27;[0m
Hibernate: select p1_0.dni,p1_0.apellido,p1_0.cuil,p1_0.domicilio,p1_0.nombre,p1_0.sexo,p1_0.telefono,p1_0.titulo from persona p1_0 where p1_0.dni=?
Hibernate: insert into persona (apellido,cuil,domicilio,nombre,sexo,telefono,titulo,dni) values (?,?,?,?,?,?,?,?)
  &amp#27;[32mCuando &amp#27;[0m&amp#27;[32mse presiona el botón de guardar&amp#27;[0m                                                                                     &amp#27;[90m# unpsjb.labprog.backend.steps.personas.PersonaSteps.se_presiona_el_boton_de_guardar()&amp#27;[0m
  &amp#27;[32mEntonces &amp#27;[0m&amp#27;[32mse espera el siguiente &amp#27;[0m&amp#27;[32m&amp#27;[1m200&amp#27;[0m&amp#27;[32m con la "&amp#27;[0m&amp#27;[32m&amp#27;[1mSusana Álvarez con DNI 20200200 ingresado/a correctamente&amp#27;[0m&amp#27;[32m"&amp#27;[0m                     &amp#27;[90m# unpsjb.labprog.backend.steps.personas.PersonaSteps.se_espera_el_siguiente_status_con_la_respuesta(int,java.lang.String)&amp#27;[0m
]]></system-out>
  </testcase>
  <testcase name="ingresar nuevas personas #3" classname="Gestión de personas" time="0.013">
    <system-out><![CDATA[
Esquema del escenario: ingresar nuevas personas                                                         &amp#27;[90m# src/test/resources/features/personas/personas.feature:15&amp#27;[0m
  &amp#27;[32mDada &amp#27;[0m&amp#27;[32mla persona con "&amp#27;[0m&amp#27;[32m&amp#27;[1mPedro&amp#27;[0m&amp#27;[32m" "&amp#27;[0m&amp#27;[32m&amp#27;[1mBenítez&amp#27;[0m&amp#27;[32m" &amp#27;[0m&amp#27;[32m&amp#27;[1m30300300&amp#27;[0m&amp#27;[32m "&amp#27;[0m&amp#27;[32m&amp#27;[1m27303003009&amp#27;[0m&amp#27;[32m" "&amp#27;[0m&amp#27;[32m&amp#27;[1mM&amp#27;[0m&amp#27;[32m" "&amp#27;[0m&amp#27;[32m&amp#27;[1m&amp#27;[0m&amp#27;[32m" "&amp#27;[0m&amp#27;[32m&amp#27;[1mJujuy 255&amp#27;[0m&amp#27;[32m" "&amp#27;[0m&amp#27;[32m&amp#27;[1m+54 (280) 433-3333&amp#27;[0m&amp#27;[32m"&amp#27;[0m  &amp#27;[90m# unpsjb.labprog.backend.steps.personas.PersonaSteps.la_persona_con(java.lang.String,java.lang.String,java.lang.Long,java.lang.String,java.lang.String,java.lang.String,java.lang.String,java.lang.String)&amp#27;[0m
Hibernate: select p1_0.dni,p1_0.apellido,p1_0.cuil,p1_0.domicilio,p1_0.nombre,p1_0.sexo,p1_0.telefono,p1_0.titulo from persona p1_0 where p1_0.dni=?
Hibernate: insert into persona (apellido,cuil,domicilio,nombre,sexo,telefono,titulo,dni) values (?,?,?,?,?,?,?,?)
  &amp#27;[32mCuando &amp#27;[0m&amp#27;[32mse presiona el botón de guardar&amp#27;[0m                                                                &amp#27;[90m# unpsjb.labprog.backend.steps.personas.PersonaSteps.se_presiona_el_boton_de_guardar()&amp#27;[0m
  &amp#27;[32mEntonces &amp#27;[0m&amp#27;[32mse espera el siguiente &amp#27;[0m&amp#27;[32m&amp#27;[1m200&amp#27;[0m&amp#27;[32m con la "&amp#27;[0m&amp#27;[32m&amp#27;[1mPedro Benítez con DNI 30300300 ingresado/a correctamente&amp#27;[0m&amp#27;[32m"&amp#27;[0m &amp#27;[90m# unpsjb.labprog.backend.steps.personas.PersonaSteps.se_espera_el_siguiente_status_con_la_respuesta(int,java.lang.String)&amp#27;[0m
]]></system-out>
  </testcase>
  <testcase name="ingresar nuevas personas #4" classname="Gestión de personas" time="0.009">
    <system-out><![CDATA[
Esquema del escenario: ingresar nuevas personas                                                                                 &amp#27;[90m# src/test/resources/features/personas/personas.feature:16&amp#27;[0m
  &amp#27;[32mDada &amp#27;[0m&amp#27;[32mla persona con "&amp#27;[0m&amp#27;[32m&amp#27;[1mMarisa&amp#27;[0m&amp#27;[32m" "&amp#27;[0m&amp#27;[32m&amp#27;[1mAmuchástegui&amp#27;[0m&amp#27;[32m" &amp#27;[0m&amp#27;[32m&amp#27;[1m40400400&amp#27;[0m&amp#27;[32m "&amp#27;[0m&amp#27;[32m&amp#27;[1m20404004009&amp#27;[0m&amp#27;[32m" "&amp#27;[0m&amp#27;[32m&amp#27;[1mF&amp#27;[0m&amp#27;[32m" "&amp#27;[0m&amp#27;[32m&amp#27;[1mProfesora de historia&amp#27;[0m&amp#27;[32m" "&amp#27;[0m&amp#27;[32m&amp#27;[1mZar 555&amp#27;[0m&amp#27;[32m" "&amp#27;[0m&amp#27;[32m&amp#27;[1m+54 (280) 444-4444&amp#27;[0m&amp#27;[32m"&amp#27;[0m &amp#27;[90m# unpsjb.labprog.backend.steps.personas.PersonaSteps.la_persona_con(java.lang.String,java.lang.String,java.lang.Long,java.lang.String,java.lang.String,java.lang.String,java.lang.String,java.lang.String)&amp#27;[0m
Hibernate: select p1_0.dni,p1_0.apellido,p1_0.cuil,p1_0.domicilio,p1_0.nombre,p1_0.sexo,p1_0.telefono,p1_0.titulo from persona p1_0 where p1_0.dni=?
Hibernate: insert into persona (apellido,cuil,domicilio,nombre,sexo,telefono,titulo,dni) values (?,?,?,?,?,?,?,?)
  &amp#27;[32mCuando &amp#27;[0m&amp#27;[32mse presiona el botón de guardar&amp#27;[0m                                                                                        &amp#27;[90m# unpsjb.labprog.backend.steps.personas.PersonaSteps.se_presiona_el_boton_de_guardar()&amp#27;[0m
  &amp#27;[32mEntonces &amp#27;[0m&amp#27;[32mse espera el siguiente &amp#27;[0m&amp#27;[32m&amp#27;[1m200&amp#27;[0m&amp#27;[32m con la "&amp#27;[0m&amp#27;[32m&amp#27;[1mMarisa Amuchástegui con DNI 40400400 ingresado/a correctamente&amp#27;[0m&amp#27;[32m"&amp#27;[0m                   &amp#27;[90m# unpsjb.labprog.backend.steps.personas.PersonaSteps.se_espera_el_siguiente_status_con_la_respuesta(int,java.lang.String)&amp#27;[0m
]]></system-out>
  </testcase>
  <testcase name="ingresar nuevas personas #5" classname="Gestión de personas" time="0.009">
    <system-out><![CDATA[
Esquema del escenario: ingresar nuevas personas                                                                          &amp#27;[90m# src/test/resources/features/personas/personas.feature:17&amp#27;[0m
  &amp#27;[32mDada &amp#27;[0m&amp#27;[32mla persona con "&amp#27;[0m&amp#27;[32m&amp#27;[1mRaúl&amp#27;[0m&amp#27;[32m" "&amp#27;[0m&amp#27;[32m&amp#27;[1mGómez&amp#27;[0m&amp#27;[32m" &amp#27;[0m&amp#27;[32m&amp#27;[1m50500500&amp#27;[0m&amp#27;[32m "&amp#27;[0m&amp#27;[32m&amp#27;[1m27505005009&amp#27;[0m&amp#27;[32m" "&amp#27;[0m&amp#27;[32m&amp#27;[1mM&amp#27;[0m&amp#27;[32m" "&amp#27;[0m&amp#27;[32m&amp#27;[1mProfesor de Geografía&amp#27;[0m&amp#27;[32m" "&amp#27;[0m&amp#27;[32m&amp#27;[1mRoca 2458&amp#27;[0m&amp#27;[32m" "&amp#27;[0m&amp#27;[32m&amp#27;[1m+54 (280) 455-5555&amp#27;[0m&amp#27;[32m"&amp#27;[0m &amp#27;[90m# unpsjb.labprog.backend.steps.personas.PersonaSteps.la_persona_con(java.lang.String,java.lang.String,java.lang.Long,java.lang.String,java.lang.String,java.lang.String,java.lang.String,java.lang.String)&amp#27;[0m
Hibernate: select p1_0.dni,p1_0.apellido,p1_0.cuil,p1_0.domicilio,p1_0.nombre,p1_0.sexo,p1_0.telefono,p1_0.titulo from persona p1_0 where p1_0.dni=?
Hibernate: insert into persona (apellido,cuil,domicilio,nombre,sexo,telefono,titulo,dni) values (?,?,?,?,?,?,?,?)
  &amp#27;[32mCuando &amp#27;[0m&amp#27;[32mse presiona el botón de guardar&amp#27;[0m                                                                                 &amp#27;[90m# unpsjb.labprog.backend.steps.personas.PersonaSteps.se_presiona_el_boton_de_guardar()&amp#27;[0m
  &amp#27;[32mEntonces &amp#27;[0m&amp#27;[32mse espera el siguiente &amp#27;[0m&amp#27;[32m&amp#27;[1m200&amp#27;[0m&amp#27;[32m con la "&amp#27;[0m&amp#27;[32m&amp#27;[1mRaúl Gómez con DNI 50500500 ingresado/a correctamente&amp#27;[0m&amp#27;[32m"&amp#27;[0m                     &amp#27;[90m# unpsjb.labprog.backend.steps.personas.PersonaSteps.se_espera_el_siguiente_status_con_la_respuesta(int,java.lang.String)&amp#27;[0m
]]></system-out>
  </testcase>
  <testcase name="ingresar nuevas personas #6" classname="Gestión de personas" time="0.008">
    <system-out><![CDATA[
Esquema del escenario: ingresar nuevas personas                                                                                &amp#27;[90m# src/test/resources/features/personas/personas.feature:18&amp#27;[0m
  &amp#27;[32mDada &amp#27;[0m&amp#27;[32mla persona con "&amp#27;[0m&amp#27;[32m&amp#27;[1mInés&amp#27;[0m&amp#27;[32m" "&amp#27;[0m&amp#27;[32m&amp#27;[1mTorres&amp#27;[0m&amp#27;[32m" &amp#27;[0m&amp#27;[32m&amp#27;[1m60600600&amp#27;[0m&amp#27;[32m "&amp#27;[0m&amp#27;[32m&amp#27;[1m20606006009&amp#27;[0m&amp#27;[32m" "&amp#27;[0m&amp#27;[32m&amp#27;[1mF&amp#27;[0m&amp#27;[32m" "&amp#27;[0m&amp#27;[32m&amp#27;[1mLicenciada en Geografía&amp#27;[0m&amp#27;[32m" "&amp#27;[0m&amp#27;[32m&amp#27;[1mLa Pampa 322&amp#27;[0m&amp#27;[32m" "&amp#27;[0m&amp#27;[32m&amp#27;[1m+54 (280) 466-6666&amp#27;[0m&amp#27;[32m"&amp#27;[0m &amp#27;[90m# unpsjb.labprog.backend.steps.personas.PersonaSteps.la_persona_con(java.lang.String,java.lang.String,java.lang.Long,java.lang.String,java.lang.String,java.lang.String,java.lang.String,java.lang.String)&amp#27;[0m
Hibernate: select p1_0.dni,p1_0.apellido,p1_0.cuil,p1_0.domicilio,p1_0.nombre,p1_0.sexo,p1_0.telefono,p1_0.titulo from persona p1_0 where p1_0.dni=?
Hibernate: insert into persona (apellido,cuil,domicilio,nombre,sexo,telefono,titulo,dni) values (?,?,?,?,?,?,?,?)
  &amp#27;[32mCuando &amp#27;[0m&amp#27;[32mse presiona el botón de guardar&amp#27;[0m                                                                                       &amp#27;[90m# unpsjb.labprog.backend.steps.personas.PersonaSteps.se_presiona_el_boton_de_guardar()&amp#27;[0m
  &amp#27;[32mEntonces &amp#27;[0m&amp#27;[32mse espera el siguiente &amp#27;[0m&amp#27;[32m&amp#27;[1m200&amp#27;[0m&amp#27;[32m con la "&amp#27;[0m&amp#27;[32m&amp#27;[1mInés Torres con DNI 60600600 ingresado/a correctamente&amp#27;[0m&amp#27;[32m"&amp#27;[0m                          &amp#27;[90m# unpsjb.labprog.backend.steps.personas.PersonaSteps.se_espera_el_siguiente_status_con_la_respuesta(int,java.lang.String)&amp#27;[0m
]]></system-out>
  </testcase>
  <testcase name="ingresar nuevas personas #7" classname="Gestión de personas" time="0.012">
    <system-out><![CDATA[
Esquema del escenario: ingresar nuevas personas                                                        &amp#27;[90m# src/test/resources/features/personas/personas.feature:19&amp#27;[0m
  &amp#27;[32mDada &amp#27;[0m&amp#27;[32mla persona con "&amp#27;[0m&amp#27;[32m&amp#27;[1mJorge&amp#27;[0m&amp#27;[32m" "&amp#27;[0m&amp#27;[32m&amp#27;[1mDismal&amp#27;[0m&amp#27;[32m" &amp#27;[0m&amp#27;[32m&amp#27;[1m70700700&amp#27;[0m&amp#27;[32m "&amp#27;[0m&amp#27;[32m&amp#27;[1m27707007009&amp#27;[0m&amp#27;[32m" "&amp#27;[0m&amp#27;[32m&amp#27;[1mM&amp#27;[0m&amp#27;[32m" "&amp#27;[0m&amp#27;[32m&amp#27;[1m&amp#27;[0m&amp#27;[32m" "&amp#27;[0m&amp#27;[32m&amp#27;[1mMitre 1855&amp#27;[0m&amp#27;[32m" "&amp#27;[0m&amp#27;[32m&amp#27;[1m+54 (280) 477-7777&amp#27;[0m&amp#27;[32m"&amp#27;[0m &amp#27;[90m# unpsjb.labprog.backend.steps.personas.PersonaSteps.la_persona_con(java.lang.String,java.lang.String,java.lang.Long,java.lang.String,java.lang.String,java.lang.String,java.lang.String,java.lang.String)&amp#27;[0m
Hibernate: select p1_0.dni,p1_0.apellido,p1_0.cuil,p1_0.domicilio,p1_0.nombre,p1_0.sexo,p1_0.telefono,p1_0.titulo from persona p1_0 where p1_0.dni=?
Hibernate: insert into persona (apellido,cuil,domicilio,nombre,sexo,telefono,titulo,dni) values (?,?,?,?,?,?,?,?)
  &amp#27;[32mCuando &amp#27;[0m&amp#27;[32mse presiona el botón de guardar&amp#27;[0m                                                               &amp#27;[90m# unpsjb.labprog.backend.steps.personas.PersonaSteps.se_presiona_el_boton_de_guardar()&amp#27;[0m
  &amp#27;[32mEntonces &amp#27;[0m&amp#27;[32mse espera el siguiente &amp#27;[0m&amp#27;[32m&amp#27;[1m200&amp#27;[0m&amp#27;[32m con la "&amp#27;[0m&amp#27;[32m&amp#27;[1mJorge Dismal con DNI 70700700 ingresado/a correctamente&amp#27;[0m&amp#27;[32m"&amp#27;[0m &amp#27;[90m# unpsjb.labprog.backend.steps.personas.PersonaSteps.se_espera_el_siguiente_status_con_la_respuesta(int,java.lang.String)&amp#27;[0m
]]></system-out>
  </testcase>
  <testcase name="ingresar nuevas personas #8" classname="Gestión de personas" time="0.012">
    <system-out><![CDATA[
Esquema del escenario: ingresar nuevas personas                                                                           &amp#27;[90m# src/test/resources/features/personas/personas.feature:20&amp#27;[0m
  &amp#27;[32mDada &amp#27;[0m&amp#27;[32mla persona con "&amp#27;[0m&amp#27;[32m&amp#27;[1mRosalía&amp#27;[0m&amp#27;[32m" "&amp#27;[0m&amp#27;[32m&amp#27;[1mFernandez&amp#27;[0m&amp#27;[32m" &amp#27;[0m&amp#27;[32m&amp#27;[1m20000000&amp#27;[0m&amp#27;[32m "&amp#27;[0m&amp#27;[32m&amp#27;[1m20200000009&amp#27;[0m&amp#27;[32m" "&amp#27;[0m&amp#27;[32m&amp#27;[1mF&amp#27;[0m&amp#27;[32m" "&amp#27;[0m&amp#27;[32m&amp#27;[1mMaestra de grado&amp#27;[0m&amp#27;[32m" "&amp#27;[0m&amp#27;[32m&amp#27;[1mMaiz 356&amp#27;[0m&amp#27;[32m" "&amp#27;[0m&amp#27;[32m&amp#27;[1m+54 (280) 420-0000&amp#27;[0m&amp#27;[32m"&amp#27;[0m &amp#27;[90m# unpsjb.labprog.backend.steps.personas.PersonaSteps.la_persona_con(java.lang.String,java.lang.String,java.lang.Long,java.lang.String,java.lang.String,java.lang.String,java.lang.String,java.lang.String)&amp#27;[0m
Hibernate: select p1_0.dni,p1_0.apellido,p1_0.cuil,p1_0.domicilio,p1_0.nombre,p1_0.sexo,p1_0.telefono,p1_0.titulo from persona p1_0 where p1_0.dni=?
Hibernate: insert into persona (apellido,cuil,domicilio,nombre,sexo,telefono,titulo,dni) values (?,?,?,?,?,?,?,?)
  &amp#27;[32mCuando &amp#27;[0m&amp#27;[32mse presiona el botón de guardar&amp#27;[0m                                                                                  &amp#27;[90m# unpsjb.labprog.backend.steps.personas.PersonaSteps.se_presiona_el_boton_de_guardar()&amp#27;[0m
  &amp#27;[32mEntonces &amp#27;[0m&amp#27;[32mse espera el siguiente &amp#27;[0m&amp#27;[32m&amp#27;[1m200&amp#27;[0m&amp#27;[32m con la "&amp#27;[0m&amp#27;[32m&amp#27;[1mRosalía Fernandez con DNI 20000000 ingresado/a correctamente&amp#27;[0m&amp#27;[32m"&amp#27;[0m               &amp#27;[90m# unpsjb.labprog.backend.steps.personas.PersonaSteps.se_espera_el_siguiente_status_con_la_respuesta(int,java.lang.String)&amp#27;[0m
]]></system-out>
  </testcase>
  <testcase name="ingresar nuevas personas #9" classname="Gestión de personas" time="0.009">
    <system-out><![CDATA[
Esquema del escenario: ingresar nuevas personas                                                                      &amp#27;[90m# src/test/resources/features/personas/personas.feature:21&amp#27;[0m
  &amp#27;[32mDada &amp#27;[0m&amp#27;[32mla persona con "&amp#27;[0m&amp#27;[32m&amp#27;[1mAnalía&amp#27;[0m&amp#27;[32m" "&amp#27;[0m&amp#27;[32m&amp#27;[1mRojas&amp#27;[0m&amp#27;[32m" &amp#27;[0m&amp#27;[32m&amp#27;[1m80800800&amp#27;[0m&amp#27;[32m "&amp#27;[0m&amp#27;[32m&amp#27;[1m20808008009&amp#27;[0m&amp#27;[32m" "&amp#27;[0m&amp#27;[32m&amp#27;[1mF&amp#27;[0m&amp#27;[32m" "&amp#27;[0m&amp#27;[32m&amp#27;[1mTécnica superior&amp#27;[0m&amp#27;[32m" "&amp#27;[0m&amp#27;[32m&amp#27;[1mRosa 556&amp#27;[0m&amp#27;[32m" "&amp#27;[0m&amp#27;[32m&amp#27;[1m+54 (280) 488-8888&amp#27;[0m&amp#27;[32m"&amp#27;[0m &amp#27;[90m# unpsjb.labprog.backend.steps.personas.PersonaSteps.la_persona_con(java.lang.String,java.lang.String,java.lang.Long,java.lang.String,java.lang.String,java.lang.String,java.lang.String,java.lang.String)&amp#27;[0m
Hibernate: select p1_0.dni,p1_0.apellido,p1_0.cuil,p1_0.domicilio,p1_0.nombre,p1_0.sexo,p1_0.telefono,p1_0.titulo from persona p1_0 where p1_0.dni=?
Hibernate: insert into persona (apellido,cuil,domicilio,nombre,sexo,telefono,titulo,dni) values (?,?,?,?,?,?,?,?)
  &amp#27;[32mCuando &amp#27;[0m&amp#27;[32mse presiona el botón de guardar&amp#27;[0m                                                                             &amp#27;[90m# unpsjb.labprog.backend.steps.personas.PersonaSteps.se_presiona_el_boton_de_guardar()&amp#27;[0m
  &amp#27;[32mEntonces &amp#27;[0m&amp#27;[32mse espera el siguiente &amp#27;[0m&amp#27;[32m&amp#27;[1m200&amp#27;[0m&amp#27;[32m con la "&amp#27;[0m&amp#27;[32m&amp#27;[1mAnalía Rojas con DNI 80800800 ingresado/a correctamente&amp#27;[0m&amp#27;[32m"&amp#27;[0m               &amp#27;[90m# unpsjb.labprog.backend.steps.personas.PersonaSteps.se_espera_el_siguiente_status_con_la_respuesta(int,java.lang.String)&amp#27;[0m
]]></system-out>
  </testcase>
</testsuite>