<?xml version="1.0" encoding="UTF-8"?>
<testsuite xmlns:xsi="http://www.w3.org/2001/XMLSchema-instance" xsi:noNamespaceSchemaLocation="https://maven.apache.org/surefire/maven-surefire-plugin/xsd/surefire-test-report-3.0.xsd" version="3.0" name="unpsjb.labprog.backend.steps.divisiones.RunDivisionTest" time="4.583" tests="3" errors="0" skipped="0" failures="0">
  <properties>
[...]
</properties>
  <testcase name="ingresar nueva división #1" classname="Gestión de divisiones" time="4.451">
    <system-out><![CDATA[
  .   ____          _            __ _ _
 /\\ / ___'_ __ _ _(_)_ __  __ _ \ \ \ \
( ( )\___ | '_ | '_| | '_ \/ _` | \ \ \ \
 \\/  ___)| |_)| | | | | || (_| |  ) ) ) )
  '  |____| .__|_| |_|_| |_\__, | / / / /
 =========|_|==============|___/=/_/_/_/
 :: Spring Boot ::                (v3.2.0)

2026-04-22T19:14:18.718Z  INFO 94 --- [           main] u.l.b.c.CucumberSpringConfiguration      : Starting CucumberSpringConfiguration using Java 17.0.18 with PID 94 (started by root in /app)
2026-04-22T19:14:18.720Z  INFO 94 --- [           main] u.l.b.c.CucumberSpringConfiguration      : No active profile set, falling back to 1 default profile: "default"
2026-04-22T19:14:19.227Z  INFO 94 --- [           main] .s.d.r.c.RepositoryConfigurationDelegate : Bootstrapping Spring Data JPA repositories in DEFAULT mode.
2026-04-22T19:14:19.279Z  INFO 94 --- [           main] .s.d.r.c.RepositoryConfigurationDelegate : Finished Spring Data repository scanning in 43 ms. Found 6 JPA repository interfaces.
2026-04-22T19:14:19.692Z  INFO 94 --- [           main] o.hibernate.jpa.internal.util.LogHelper  : HHH000204: Processing PersistenceUnitInfo [name: default]
2026-04-22T19:14:19.737Z  INFO 94 --- [           main] org.hibernate.Version                    : HHH000412: Hibernate ORM core version 6.3.1.Final
2026-04-22T19:14:19.767Z  INFO 94 --- [           main] o.h.c.internal.RegionFactoryInitiator    : HHH000026: Second-level cache disabled
2026-04-22T19:14:19.947Z  INFO 94 --- [           main] o.s.o.j.p.SpringPersistenceUnitInfo      : No LoadTimeWeaver setup: ignoring JPA class transformer
2026-04-22T19:14:19.986Z  INFO 94 --- [           main] com.zaxxer.hikari.HikariDataSource       : HikariPool-1 - Starting...
2026-04-22T19:14:20.144Z  INFO 94 --- [           main] com.zaxxer.hikari.pool.HikariPool        : HikariPool-1 - Added connection conn0: url=jdbc:h2:mem:testdb user=SA
2026-04-22T19:14:20.145Z  INFO 94 --- [           main] com.zaxxer.hikari.HikariDataSource       : HikariPool-1 - Start completed.
2026-04-22T19:14:20.168Z  WARN 94 --- [           main] org.hibernate.orm.deprecation            : HHH90000025: H2Dialect does not need to be specified explicitly using 'hibernate.dialect' (remove the property setting and it will be selected by default)
2026-04-22T19:14:20.847Z  INFO 94 --- [           main] o.h.e.t.j.p.i.JtaPlatformInitiator       : HHH000489: No JTA platform available (set 'hibernate.transaction.jta.platform' to enable JTA platform integration)
Hibernate: drop table if exists articulo_licencia cascade 
Hibernate: drop table if exists cargo cascade 
Hibernate: drop table if exists cargo_horarios cascade 
Hibernate: drop table if exists designacion cascade 
Hibernate: drop table if exists division cascade 
Hibernate: drop table if exists horario cascade 
Hibernate: drop table if exists licencia cascade 
Hibernate: drop table if exists licencia_designaciones cascade 
Hibernate: drop table if exists persona cascade 
Hibernate: drop sequence if exists designacion_seq
Hibernate: drop sequence if exists division_seq
Hibernate: drop sequence if exists horario_seq
Hibernate: drop sequence if exists licencia_seq
Hibernate: create sequence designacion_seq start with 1 increment by 50
Hibernate: create sequence division_seq start with 1 increment by 50
Hibernate: create sequence horario_seq start with 1 increment by 50
Hibernate: create sequence licencia_seq start with 1 increment by 50
Hibernate: create table articulo_licencia (articulo varchar(255) not null, descripcion varchar(255), primary key (articulo))
Hibernate: create table cargo (carga_horaria integer not null, fecha_fin date, fecha_inicio date, division_id bigint, id bigint generated by default as identity, nombre varchar(255), tipo varchar(255) check (tipo in ('CARGO','ESPACIO_CURRICULAR')), primary key (id))
Hibernate: create table cargo_horarios (cargo_id bigint not null, horarios_id bigint not null unique)
Hibernate: create table designacion (fecha_fin time(6), fecha_inicio time(6), cargo_id bigint, id bigint not null, persona_dni bigint, situacion_revista varchar(255), primary key (id))
Hibernate: create table division (anio integer not null, num_division integer not null, id bigint not null, orientacion varchar(255), turno varchar(255) check (turno in ('MAÑANA','TARDE','VESPERTINO','NOCHE')), primary key (id))
Hibernate: create table horario (hora integer not null, id bigint not null, dia varchar(255), primary key (id))
Hibernate: create table licencia (certificado_medico boolean not null, id bigint not null, pedido_desde timestamp(6), pedido_hasta timestamp(6), persona_dni bigint, articulo_articulo varchar(255), domicilio varchar(255), primary key (id))
Hibernate: create table licencia_designaciones (designaciones_id bigint not null, licencia_id bigint not null)
Hibernate: create table persona (dni bigint not null, apellido varchar(255), cuil varchar(255), domicilio varchar(255), nombre varchar(255), sexo varchar(255), telefono varchar(255), titulo varchar(255), primary key (dni))
Hibernate: alter table if exists cargo add constraint FKebbagrctx8soyjjsgo3ktg2xq foreign key (division_id) references division
Hibernate: alter table if exists cargo_horarios add constraint FKdep6onf4jjdow2f4s18iobxdp foreign key (horarios_id) references horario
Hibernate: alter table if exists cargo_horarios add constraint FKgxxhjy0ojrfqyua57a2t7s58b foreign key (cargo_id) references cargo
Hibernate: alter table if exists designacion add constraint FKt6j9m941x9spnt297m8fkn41l foreign key (cargo_id) references cargo
Hibernate: alter table if exists designacion add constraint FKgasi6cq9knjf3su293r6g12d4 foreign key (persona_dni) references persona
Hibernate: alter table if exists licencia add constraint FKp2uvpvh6hi93qpk0o6wxnnoxa foreign key (articulo_articulo) references articulo_licencia
Hibernate: alter table if exists licencia add constraint FKmtx3x6hogxb1omv8m0o0acdfq foreign key (persona_dni) references persona
Hibernate: alter table if exists licencia_designaciones add constraint FKrr4ecyoaf9atu29hidr07o385 foreign key (designaciones_id) references designacion
Hibernate: alter table if exists licencia_designaciones add constraint FKs08j1e9ioevvlau66go4kff8d foreign key (licencia_id) references licencia
2026-04-22T19:14:20.893Z  INFO 94 --- [           main] j.LocalContainerEntityManagerFactoryBean : Initialized JPA EntityManagerFactory for persistence unit 'default'
2026-04-22T19:14:21.111Z  INFO 94 --- [           main] o.s.d.j.r.query.QueryEnhancerFactory     : Hibernate is in classpath; If applicable, HQL parser will be used.
2026-04-22T19:14:21.918Z  WARN 94 --- [           main] JpaBaseConfiguration$JpaWebConfiguration : spring.jpa.open-in-view is enabled by default. Therefore, database queries may be performed during view rendering. Explicitly configure spring.jpa.open-in-view to disable this warning
2026-04-22T19:14:22.325Z  INFO 94 --- [           main] u.l.b.c.CucumberSpringConfiguration      : Started CucumberSpringConfiguration in 3.777 seconds (process running for 4.613)

Esquema del escenario: ingresar nueva división                                                   &amp#27;[90m# src/test/resources/features/divisiones/divisiones.feature:12&amp#27;[0m
  &amp#27;[32mDado &amp#27;[0m&amp#27;[32mel espacio físico división con &amp#27;[0m&amp#27;[32m&amp#27;[1m5&amp#27;[0m&amp#27;[32m &amp#27;[0m&amp#27;[32m&amp#27;[1m2&amp#27;[0m&amp#27;[32m &amp#27;[0m&amp#27;[32m&amp#27;[1m"Biológicas"&amp#27;[0m&amp#27;[32m &amp#27;[0m&amp#27;[32m&amp#27;[1m"MANANA"&amp#27;[0m                                  &amp#27;[90m# unpsjb.labprog.backend.steps.divisiones.DivisionSteps.crearDivision(int,int,java.lang.String,java.lang.String)&amp#27;[0m
Hibernate: select next value for division_seq
Hibernate: insert into division (anio,num_division,orientacion,turno,id) values (?,?,?,?,?)
  &amp#27;[32mCuando &amp#27;[0m&amp#27;[32mse presiona el botón de guardar&amp#27;[0m                                                         &amp#27;[90m# unpsjb.labprog.backend.steps.divisiones.DivisionSteps.presionarGuardar()&amp#27;[0m
  &amp#27;[32mEntonces &amp#27;[0m&amp#27;[32mse espera el siguiente &amp#27;[0m&amp#27;[32m&amp#27;[1m200&amp#27;[0m&amp#27;[32m con la &amp#27;[0m&amp#27;[32m&amp#27;[1mDivisión 5º 2º turno Mañana ingresada correctamente&amp#27;[0m &amp#27;[90m# unpsjb.labprog.backend.steps.divisiones.DivisionSteps.verificarRespuesta(int,java.lang.String)&amp#27;[0m
]]></system-out>
  </testcase>
  <testcase name="ingresar nueva división #2" classname="Gestión de divisiones" time="0.015">
    <system-out><![CDATA[
Esquema del escenario: ingresar nueva división                                                  &amp#27;[90m# src/test/resources/features/divisiones/divisiones.feature:13&amp#27;[0m
  &amp#27;[32mDado &amp#27;[0m&amp#27;[32mel espacio físico división con &amp#27;[0m&amp#27;[32m&amp#27;[1m3&amp#27;[0m&amp#27;[32m &amp#27;[0m&amp#27;[32m&amp#27;[1m1&amp#27;[0m&amp#27;[32m &amp#27;[0m&amp#27;[32m&amp#27;[1m"Sociales"&amp#27;[0m&amp#27;[32m &amp#27;[0m&amp#27;[32m&amp#27;[1m"TARDE"&amp#27;[0m                                    &amp#27;[90m# unpsjb.labprog.backend.steps.divisiones.DivisionSteps.crearDivision(int,int,java.lang.String,java.lang.String)&amp#27;[0m
Hibernate: select next value for division_seq
Hibernate: insert into division (anio,num_division,orientacion,turno,id) values (?,?,?,?,?)
  &amp#27;[32mCuando &amp#27;[0m&amp#27;[32mse presiona el botón de guardar&amp#27;[0m                                                        &amp#27;[90m# unpsjb.labprog.backend.steps.divisiones.DivisionSteps.presionarGuardar()&amp#27;[0m
  &amp#27;[32mEntonces &amp#27;[0m&amp#27;[32mse espera el siguiente &amp#27;[0m&amp#27;[32m&amp#27;[1m200&amp#27;[0m&amp#27;[32m con la &amp#27;[0m&amp#27;[32m&amp#27;[1mDivisión 3º 1º turno Tarde ingresada correctamente&amp#27;[0m &amp#27;[90m# unpsjb.labprog.backend.steps.divisiones.DivisionSteps.verificarRespuesta(int,java.lang.String)&amp#27;[0m
]]></system-out>
  </testcase>
  <testcase name="ingresar nueva división #3" classname="Gestión de divisiones" time="0.008">
    <system-out><![CDATA[
Esquema del escenario: ingresar nueva división                                                  &amp#27;[90m# src/test/resources/features/divisiones/divisiones.feature:14&amp#27;[0m
  &amp#27;[32mDado &amp#27;[0m&amp#27;[32mel espacio físico división con &amp#27;[0m&amp#27;[32m&amp#27;[1m3&amp#27;[0m&amp#27;[32m &amp#27;[0m&amp#27;[32m&amp#27;[1m1&amp#27;[0m&amp#27;[32m &amp#27;[0m&amp#27;[32m&amp#27;[1m"Sociales"&amp#27;[0m&amp#27;[32m &amp#27;[0m&amp#27;[32m&amp#27;[1m"TARDE"&amp#27;[0m                                    &amp#27;[90m# unpsjb.labprog.backend.steps.divisiones.DivisionSteps.crearDivision(int,int,java.lang.String,java.lang.String)&amp#27;[0m
Hibernate: insert into division (anio,num_division,orientacion,turno,id) values (?,?,?,?,?)
  &amp#27;[32mCuando &amp#27;[0m&amp#27;[32mse presiona el botón de guardar&amp#27;[0m                                                        &amp#27;[90m# unpsjb.labprog.backend.steps.divisiones.DivisionSteps.presionarGuardar()&amp#27;[0m
  &amp#27;[32mEntonces &amp#27;[0m&amp#27;[32mse espera el siguiente &amp#27;[0m&amp#27;[32m&amp#27;[1m200&amp#27;[0m&amp#27;[32m con la &amp#27;[0m&amp#27;[32m&amp#27;[1mDivisión 3º 1º turno Tarde ingresada correctamente&amp#27;[0m &amp#27;[90m# unpsjb.labprog.backend.steps.divisiones.DivisionSteps.verificarRespuesta(int,java.lang.String)&amp#27;[0m
]]></system-out>
  </testcase>
</testsuite>