-------------------------------------------------------------------------------
Test set: unpsjb.labprog.backend.RunCucumberTest
-------------------------------------------------------------------------------
Tests run: 12, Failures: 0, Errors: 12, Skipped: 0, Time elapsed: 6.468 s <<< FAILURE! -- in unpsjb.labprog.backend.RunCucumberTest
Gestión de divisiones.ingresar nueva división #1 -- Time elapsed: 6.070 s <<< ERROR!
java.lang.IllegalArgumentException: No enum constant unpsjb.labprog.backend.model.Turno.MANANA
	at java.base/java.lang.Enum.valueOf(Enum.java:273)
	at unpsjb.labprog.backend.model.Turno.valueOf(Turno.java:3)
	at unpsjb.labprog.backend.DivisionSteps.crearDivision(DivisionSteps.java:27)
	at ✽.el espacio físico división con 5 2 "Biológicas" "MANANA"(file:///app/src/test/resources/features/divisiones.feature:6)

Gestión de divisiones.ingresar nueva división #2 -- Time elapsed: 0.015 s <<< ERROR!
io.cucumber.core.runner.AmbiguousStepDefinitionsException: 
"se presiona el botón de guardar" matches more than one step definition:
  "^se presiona el botón de guardar$" in unpsjb.labprog.backend.PersonaSteps.se_presiona_el_boton_de_guardar()
  "se presiona el botón de guardar" in unpsjb.labprog.backend.DivisionSteps.presionarGuardar()
	at io.cucumber.core.runner.CachingGlue.findStepDefinitionMatch(CachingGlue.java:406)
	at io.cucumber.core.runner.CachingGlue.stepDefinitionMatch(CachingGlue.java:374)
	at io.cucumber.core.runner.Runner.matchStepToStepDefinition(Runner.java:183)
	at io.cucumber.core.runner.Runner.createTestStepsForPickleSteps(Runner.java:163)
	at io.cucumber.core.runner.Runner.createTestCaseForPickle(Runner.java:146)
	at io.cucumber.core.runner.Runner.runPickle(Runner.java:74)
	at io.cucumber.junit.PickleRunners$NoStepDescriptions.lambda$run$0(PickleRunners.java:151)
	at io.cucumber.core.runtime.CucumberExecutionContext.lambda$runTestCase$5(CucumberExecutionContext.java:137)
	at io.cucumber.core.runtime.RethrowingThrowableCollector.executeAndThrow(RethrowingThrowableCollector.java:23)
	at io.cucumber.core.runtime.CucumberExecutionContext.runTestCase(CucumberExecutionContext.java:137)
	at io.cucumber.junit.PickleRunners$NoStepDescriptions.run(PickleRunners.java:148)
	at io.cucumber.junit.FeatureRunner.runChild(FeatureRunner.java:144)
	at io.cucumber.junit.FeatureRunner.runChild(FeatureRunner.java:28)
	at io.cucumber.junit.FeatureRunner.run(FeatureRunner.java:137)
	at io.cucumber.junit.Cucumber.runChild(Cucumber.java:196)
	at io.cucumber.junit.Cucumber.runChild(Cucumber.java:89)
	at io.cucumber.core.runtime.CucumberExecutionContext.lambda$runFeatures$6(CucumberExecutionContext.java:148)
	at io.cucumber.core.runtime.CucumberExecutionContext.execute(CucumberExecutionContext.java:163)
	at io.cucumber.core.runtime.CucumberExecutionContext.runFeatures(CucumberExecutionContext.java:146)
	at io.cucumber.junit.Cucumber$StartAndFinishTestRun.evaluate(Cucumber.java:226)

Gestión de divisiones.ingresar nueva división #3 -- Time elapsed: 0.012 s <<< ERROR!
io.cucumber.core.runner.AmbiguousStepDefinitionsException: 
"se presiona el botón de guardar" matches more than one step definition:
  "^se presiona el botón de guardar$" in unpsjb.labprog.backend.PersonaSteps.se_presiona_el_boton_de_guardar()
  "se presiona el botón de guardar" in unpsjb.labprog.backend.DivisionSteps.presionarGuardar()
	at io.cucumber.core.runner.CachingGlue.findStepDefinitionMatch(CachingGlue.java:406)
	at io.cucumber.core.runner.CachingGlue.stepDefinitionMatch(CachingGlue.java:374)
	at io.cucumber.core.runner.Runner.matchStepToStepDefinition(Runner.java:183)
	at io.cucumber.core.runner.Runner.createTestStepsForPickleSteps(Runner.java:163)
	at io.cucumber.core.runner.Runner.createTestCaseForPickle(Runner.java:146)
	at io.cucumber.core.runner.Runner.runPickle(Runner.java:74)
	at io.cucumber.junit.PickleRunners$NoStepDescriptions.lambda$run$0(PickleRunners.java:151)
	at io.cucumber.core.runtime.CucumberExecutionContext.lambda$runTestCase$5(CucumberExecutionContext.java:137)
	at io.cucumber.core.runtime.RethrowingThrowableCollector.executeAndThrow(RethrowingThrowableCollector.java:23)
	at io.cucumber.core.runtime.CucumberExecutionContext.runTestCase(CucumberExecutionContext.java:137)
	at io.cucumber.junit.PickleRunners$NoStepDescriptions.run(PickleRunners.java:148)
	at io.cucumber.junit.FeatureRunner.runChild(FeatureRunner.java:144)
	at io.cucumber.junit.FeatureRunner.runChild(FeatureRunner.java:28)
	at io.cucumber.junit.FeatureRunner.run(FeatureRunner.java:137)
	at io.cucumber.junit.Cucumber.runChild(Cucumber.java:196)
	at io.cucumber.junit.Cucumber.runChild(Cucumber.java:89)
	at io.cucumber.core.runtime.CucumberExecutionContext.lambda$runFeatures$6(CucumberExecutionContext.java:148)
	at io.cucumber.core.runtime.CucumberExecutionContext.execute(CucumberExecutionContext.java:163)
	at io.cucumber.core.runtime.CucumberExecutionContext.runFeatures(CucumberExecutionContext.java:146)
	at io.cucumber.junit.Cucumber$StartAndFinishTestRun.evaluate(Cucumber.java:226)

Gestión de personas.ingresar nuevas personas #1 -- Time elapsed: 0.011 s <<< ERROR!
io.cucumber.core.runner.AmbiguousStepDefinitionsException: 
"se presiona el botón de guardar" matches more than one step definition:
  "^se presiona el botón de guardar$" in unpsjb.labprog.backend.PersonaSteps.se_presiona_el_boton_de_guardar()
  "se presiona el botón de guardar" in unpsjb.labprog.backend.DivisionSteps.presionarGuardar()
	at io.cucumber.core.runner.CachingGlue.findStepDefinitionMatch(CachingGlue.java:406)
	at io.cucumber.core.runner.CachingGlue.stepDefinitionMatch(CachingGlue.java:374)
	at io.cucumber.core.runner.Runner.matchStepToStepDefinition(Runner.java:183)
	at io.cucumber.core.runner.Runner.createTestStepsForPickleSteps(Runner.java:163)
	at io.cucumber.core.runner.Runner.createTestCaseForPickle(Runner.java:146)
	at io.cucumber.core.runner.Runner.runPickle(Runner.java:74)
	at io.cucumber.junit.PickleRunners$NoStepDescriptions.lambda$run$0(PickleRunners.java:151)
	at io.cucumber.core.runtime.CucumberExecutionContext.lambda$runTestCase$5(CucumberExecutionContext.java:137)
	at io.cucumber.core.runtime.RethrowingThrowableCollector.executeAndThrow(RethrowingThrowableCollector.java:23)
	at io.cucumber.core.runtime.CucumberExecutionContext.runTestCase(CucumberExecutionContext.java:137)
	at io.cucumber.junit.PickleRunners$NoStepDescriptions.run(PickleRunners.java:148)
	at io.cucumber.junit.FeatureRunner.runChild(FeatureRunner.java:144)
	at io.cucumber.junit.FeatureRunner.runChild(FeatureRunner.java:28)
	at io.cucumber.junit.FeatureRunner.run(FeatureRunner.java:137)
	at io.cucumber.junit.Cucumber.runChild(Cucumber.java:196)
	at io.cucumber.junit.Cucumber.runChild(Cucumber.java:89)
	at io.cucumber.core.runtime.CucumberExecutionContext.lambda$runFeatures$6(CucumberExecutionContext.java:148)
	at io.cucumber.core.runtime.CucumberExecutionContext.execute(CucumberExecutionContext.java:163)
	at io.cucumber.core.runtime.CucumberExecutionContext.runFeatures(CucumberExecutionContext.java:146)
	at io.cucumber.junit.Cucumber$StartAndFinishTestRun.evaluate(Cucumber.java:226)

Gestión de personas.ingresar nuevas personas #2 -- Time elapsed: 0.010 s <<< ERROR!
io.cucumber.core.runner.AmbiguousStepDefinitionsException: 
"se presiona el botón de guardar" matches more than one step definition:
  "^se presiona el botón de guardar$" in unpsjb.labprog.backend.PersonaSteps.se_presiona_el_boton_de_guardar()
  "se presiona el botón de guardar" in unpsjb.labprog.backend.DivisionSteps.presionarGuardar()
	at io.cucumber.core.runner.CachingGlue.findStepDefinitionMatch(CachingGlue.java:406)
	at io.cucumber.core.runner.CachingGlue.stepDefinitionMatch(CachingGlue.java:374)
	at io.cucumber.core.runner.Runner.matchStepToStepDefinition(Runner.java:183)
	at io.cucumber.core.runner.Runner.createTestStepsForPickleSteps(Runner.java:163)
	at io.cucumber.core.runner.Runner.createTestCaseForPickle(Runner.java:146)
	at io.cucumber.core.runner.Runner.runPickle(Runner.java:74)
	at io.cucumber.junit.PickleRunners$NoStepDescriptions.lambda$run$0(PickleRunners.java:151)
	at io.cucumber.core.runtime.CucumberExecutionContext.lambda$runTestCase$5(CucumberExecutionContext.java:137)
	at io.cucumber.core.runtime.RethrowingThrowableCollector.executeAndThrow(RethrowingThrowableCollector.java:23)
	at io.cucumber.core.runtime.CucumberExecutionContext.runTestCase(CucumberExecutionContext.java:137)
	at io.cucumber.junit.PickleRunners$NoStepDescriptions.run(PickleRunners.java:148)
	at io.cucumber.junit.FeatureRunner.runChild(FeatureRunner.java:144)
	at io.cucumber.junit.FeatureRunner.runChild(FeatureRunner.java:28)
	at io.cucumber.junit.FeatureRunner.run(FeatureRunner.java:137)
	at io.cucumber.junit.Cucumber.runChild(Cucumber.java:196)
	at io.cucumber.junit.Cucumber.runChild(Cucumber.java:89)
	at io.cucumber.core.runtime.CucumberExecutionContext.lambda$runFeatures$6(CucumberExecutionContext.java:148)
	at io.cucumber.core.runtime.CucumberExecutionContext.execute(CucumberExecutionContext.java:163)
	at io.cucumber.core.runtime.CucumberExecutionContext.runFeatures(CucumberExecutionContext.java:146)
	at io.cucumber.junit.Cucumber$StartAndFinishTestRun.evaluate(Cucumber.java:226)

Gestión de personas.ingresar nuevas personas #3 -- Time elapsed: 0.010 s <<< ERROR!
io.cucumber.core.runner.AmbiguousStepDefinitionsException: 
"se presiona el botón de guardar" matches more than one step definition:
  "^se presiona el botón de guardar$" in unpsjb.labprog.backend.PersonaSteps.se_presiona_el_boton_de_guardar()
  "se presiona el botón de guardar" in unpsjb.labprog.backend.DivisionSteps.presionarGuardar()
	at io.cucumber.core.runner.CachingGlue.findStepDefinitionMatch(CachingGlue.java:406)
	at io.cucumber.core.runner.CachingGlue.stepDefinitionMatch(CachingGlue.java:374)
	at io.cucumber.core.runner.Runner.matchStepToStepDefinition(Runner.java:183)
	at io.cucumber.core.runner.Runner.createTestStepsForPickleSteps(Runner.java:163)
	at io.cucumber.core.runner.Runner.createTestCaseForPickle(Runner.java:146)
	at io.cucumber.core.runner.Runner.runPickle(Runner.java:74)
	at io.cucumber.junit.PickleRunners$NoStepDescriptions.lambda$run$0(PickleRunners.java:151)
	at io.cucumber.core.runtime.CucumberExecutionContext.lambda$runTestCase$5(CucumberExecutionContext.java:137)
	at io.cucumber.core.runtime.RethrowingThrowableCollector.executeAndThrow(RethrowingThrowableCollector.java:23)
	at io.cucumber.core.runtime.CucumberExecutionContext.runTestCase(CucumberExecutionContext.java:137)
	at io.cucumber.junit.PickleRunners$NoStepDescriptions.run(PickleRunners.java:148)
	at io.cucumber.junit.FeatureRunner.runChild(FeatureRunner.java:144)
	at io.cucumber.junit.FeatureRunner.runChild(FeatureRunner.java:28)
	at io.cucumber.junit.FeatureRunner.run(FeatureRunner.java:137)
	at io.cucumber.junit.Cucumber.runChild(Cucumber.java:196)
	at io.cucumber.junit.Cucumber.runChild(Cucumber.java:89)
	at io.cucumber.core.runtime.CucumberExecutionContext.lambda$runFeatures$6(CucumberExecutionContext.java:148)
	at io.cucumber.core.runtime.CucumberExecutionContext.execute(CucumberExecutionContext.java:163)
	at io.cucumber.core.runtime.CucumberExecutionContext.runFeatures(CucumberExecutionContext.java:146)
	at io.cucumber.junit.Cucumber$StartAndFinishTestRun.evaluate(Cucumber.java:226)

Gestión de personas.ingresar nuevas personas #4 -- Time elapsed: 0.009 s <<< ERROR!
io.cucumber.core.runner.AmbiguousStepDefinitionsException: 
"se presiona el botón de guardar" matches more than one step definition:
  "^se presiona el botón de guardar$" in unpsjb.labprog.backend.PersonaSteps.se_presiona_el_boton_de_guardar()
  "se presiona el botón de guardar" in unpsjb.labprog.backend.DivisionSteps.presionarGuardar()
	at io.cucumber.core.runner.CachingGlue.findStepDefinitionMatch(CachingGlue.java:406)
	at io.cucumber.core.runner.CachingGlue.stepDefinitionMatch(CachingGlue.java:374)
	at io.cucumber.core.runner.Runner.matchStepToStepDefinition(Runner.java:183)
	at io.cucumber.core.runner.Runner.createTestStepsForPickleSteps(Runner.java:163)
	at io.cucumber.core.runner.Runner.createTestCaseForPickle(Runner.java:146)
	at io.cucumber.core.runner.Runner.runPickle(Runner.java:74)
	at io.cucumber.junit.PickleRunners$NoStepDescriptions.lambda$run$0(PickleRunners.java:151)
	at io.cucumber.core.runtime.CucumberExecutionContext.lambda$runTestCase$5(CucumberExecutionContext.java:137)
	at io.cucumber.core.runtime.RethrowingThrowableCollector.executeAndThrow(RethrowingThrowableCollector.java:23)
	at io.cucumber.core.runtime.CucumberExecutionContext.runTestCase(CucumberExecutionContext.java:137)
	at io.cucumber.junit.PickleRunners$NoStepDescriptions.run(PickleRunners.java:148)
	at io.cucumber.junit.FeatureRunner.runChild(FeatureRunner.java:144)
	at io.cucumber.junit.FeatureRunner.runChild(FeatureRunner.java:28)
	at io.cucumber.junit.FeatureRunner.run(FeatureRunner.java:137)
	at io.cucumber.junit.Cucumber.runChild(Cucumber.java:196)
	at io.cucumber.junit.Cucumber.runChild(Cucumber.java:89)
	at io.cucumber.core.runtime.CucumberExecutionContext.lambda$runFeatures$6(CucumberExecutionContext.java:148)
	at io.cucumber.core.runtime.CucumberExecutionContext.execute(CucumberExecutionContext.java:163)
	at io.cucumber.core.runtime.CucumberExecutionContext.runFeatures(CucumberExecutionContext.java:146)
	at io.cucumber.junit.Cucumber$StartAndFinishTestRun.evaluate(Cucumber.java:226)

Gestión de personas.ingresar nuevas personas #5 -- Time elapsed: 0.012 s <<< ERROR!
io.cucumber.core.runner.AmbiguousStepDefinitionsException: 
"se presiona el botón de guardar" matches more than one step definition:
  "^se presiona el botón de guardar$" in unpsjb.labprog.backend.PersonaSteps.se_presiona_el_boton_de_guardar()
  "se presiona el botón de guardar" in unpsjb.labprog.backend.DivisionSteps.presionarGuardar()
	at io.cucumber.core.runner.CachingGlue.findStepDefinitionMatch(CachingGlue.java:406)
	at io.cucumber.core.runner.CachingGlue.stepDefinitionMatch(CachingGlue.java:374)
	at io.cucumber.core.runner.Runner.matchStepToStepDefinition(Runner.java:183)
	at io.cucumber.core.runner.Runner.createTestStepsForPickleSteps(Runner.java:163)
	at io.cucumber.core.runner.Runner.createTestCaseForPickle(Runner.java:146)
	at io.cucumber.core.runner.Runner.runPickle(Runner.java:74)
	at io.cucumber.junit.PickleRunners$NoStepDescriptions.lambda$run$0(PickleRunners.java:151)
	at io.cucumber.core.runtime.CucumberExecutionContext.lambda$runTestCase$5(CucumberExecutionContext.java:137)
	at io.cucumber.core.runtime.RethrowingThrowableCollector.executeAndThrow(RethrowingThrowableCollector.java:23)
	at io.cucumber.core.runtime.CucumberExecutionContext.runTestCase(CucumberExecutionContext.java:137)
	at io.cucumber.junit.PickleRunners$NoStepDescriptions.run(PickleRunners.java:148)
	at io.cucumber.junit.FeatureRunner.runChild(FeatureRunner.java:144)
	at io.cucumber.junit.FeatureRunner.runChild(FeatureRunner.java:28)
	at io.cucumber.junit.FeatureRunner.run(FeatureRunner.java:137)
	at io.cucumber.junit.Cucumber.runChild(Cucumber.java:196)
	at io.cucumber.junit.Cucumber.runChild(Cucumber.java:89)
	at io.cucumber.core.runtime.CucumberExecutionContext.lambda$runFeatures$6(CucumberExecutionContext.java:148)
	at io.cucumber.core.runtime.CucumberExecutionContext.execute(CucumberExecutionContext.java:163)
	at io.cucumber.core.runtime.CucumberExecutionContext.runFeatures(CucumberExecutionContext.java:146)
	at io.cucumber.junit.Cucumber$StartAndFinishTestRun.evaluate(Cucumber.java:226)

Gestión de personas.ingresar nuevas personas #6 -- Time elapsed: 0.009 s <<< ERROR!
io.cucumber.core.runner.AmbiguousStepDefinitionsException: 
"se presiona el botón de guardar" matches more than one step definition:
  "^se presiona el botón de guardar$" in unpsjb.labprog.backend.PersonaSteps.se_presiona_el_boton_de_guardar()
  "se presiona el botón de guardar" in unpsjb.labprog.backend.DivisionSteps.presionarGuardar()
	at io.cucumber.core.runner.CachingGlue.findStepDefinitionMatch(CachingGlue.java:406)
	at io.cucumber.core.runner.CachingGlue.stepDefinitionMatch(CachingGlue.java:374)
	at io.cucumber.core.runner.Runner.matchStepToStepDefinition(Runner.java:183)
	at io.cucumber.core.runner.Runner.createTestStepsForPickleSteps(Runner.java:163)
	at io.cucumber.core.runner.Runner.createTestCaseForPickle(Runner.java:146)
	at io.cucumber.core.runner.Runner.runPickle(Runner.java:74)
	at io.cucumber.junit.PickleRunners$NoStepDescriptions.lambda$run$0(PickleRunners.java:151)
	at io.cucumber.core.runtime.CucumberExecutionContext.lambda$runTestCase$5(CucumberExecutionContext.java:137)
	at io.cucumber.core.runtime.RethrowingThrowableCollector.executeAndThrow(RethrowingThrowableCollector.java:23)
	at io.cucumber.core.runtime.CucumberExecutionContext.runTestCase(CucumberExecutionContext.java:137)
	at io.cucumber.junit.PickleRunners$NoStepDescriptions.run(PickleRunners.java:148)
	at io.cucumber.junit.FeatureRunner.runChild(FeatureRunner.java:144)
	at io.cucumber.junit.FeatureRunner.runChild(FeatureRunner.java:28)
	at io.cucumber.junit.FeatureRunner.run(FeatureRunner.java:137)
	at io.cucumber.junit.Cucumber.runChild(Cucumber.java:196)
	at io.cucumber.junit.Cucumber.runChild(Cucumber.java:89)
	at io.cucumber.core.runtime.CucumberExecutionContext.lambda$runFeatures$6(CucumberExecutionContext.java:148)
	at io.cucumber.core.runtime.CucumberExecutionContext.execute(CucumberExecutionContext.java:163)
	at io.cucumber.core.runtime.CucumberExecutionContext.runFeatures(CucumberExecutionContext.java:146)
	at io.cucumber.junit.Cucumber$StartAndFinishTestRun.evaluate(Cucumber.java:226)

Gestión de personas.ingresar nuevas personas #7 -- Time elapsed: 0.010 s <<< ERROR!
io.cucumber.core.runner.AmbiguousStepDefinitionsException: 
"se presiona el botón de guardar" matches more than one step definition:
  "^se presiona el botón de guardar$" in unpsjb.labprog.backend.PersonaSteps.se_presiona_el_boton_de_guardar()
  "se presiona el botón de guardar" in unpsjb.labprog.backend.DivisionSteps.presionarGuardar()
	at io.cucumber.core.runner.CachingGlue.findStepDefinitionMatch(CachingGlue.java:406)
	at io.cucumber.core.runner.CachingGlue.stepDefinitionMatch(CachingGlue.java:374)
	at io.cucumber.core.runner.Runner.matchStepToStepDefinition(Runner.java:183)
	at io.cucumber.core.runner.Runner.createTestStepsForPickleSteps(Runner.java:163)
	at io.cucumber.core.runner.Runner.createTestCaseForPickle(Runner.java:146)
	at io.cucumber.core.runner.Runner.runPickle(Runner.java:74)
	at io.cucumber.junit.PickleRunners$NoStepDescriptions.lambda$run$0(PickleRunners.java:151)
	at io.cucumber.core.runtime.CucumberExecutionContext.lambda$runTestCase$5(CucumberExecutionContext.java:137)
	at io.cucumber.core.runtime.RethrowingThrowableCollector.executeAndThrow(RethrowingThrowableCollector.java:23)
	at io.cucumber.core.runtime.CucumberExecutionContext.runTestCase(CucumberExecutionContext.java:137)
	at io.cucumber.junit.PickleRunners$NoStepDescriptions.run(PickleRunners.java:148)
	at io.cucumber.junit.FeatureRunner.runChild(FeatureRunner.java:144)
	at io.cucumber.junit.FeatureRunner.runChild(FeatureRunner.java:28)
	at io.cucumber.junit.FeatureRunner.run(FeatureRunner.java:137)
	at io.cucumber.junit.Cucumber.runChild(Cucumber.java:196)
	at io.cucumber.junit.Cucumber.runChild(Cucumber.java:89)
	at io.cucumber.core.runtime.CucumberExecutionContext.lambda$runFeatures$6(CucumberExecutionContext.java:148)
	at io.cucumber.core.runtime.CucumberExecutionContext.execute(CucumberExecutionContext.java:163)
	at io.cucumber.core.runtime.CucumberExecutionContext.runFeatures(CucumberExecutionContext.java:146)
	at io.cucumber.junit.Cucumber$StartAndFinishTestRun.evaluate(Cucumber.java:226)

Gestión de personas.ingresar nuevas personas #8 -- Time elapsed: 0.009 s <<< ERROR!
io.cucumber.core.runner.AmbiguousStepDefinitionsException: 
"se presiona el botón de guardar" matches more than one step definition:
  "^se presiona el botón de guardar$" in unpsjb.labprog.backend.PersonaSteps.se_presiona_el_boton_de_guardar()
  "se presiona el botón de guardar" in unpsjb.labprog.backend.DivisionSteps.presionarGuardar()
	at io.cucumber.core.runner.CachingGlue.findStepDefinitionMatch(CachingGlue.java:406)
	at io.cucumber.core.runner.CachingGlue.stepDefinitionMatch(CachingGlue.java:374)
	at io.cucumber.core.runner.Runner.matchStepToStepDefinition(Runner.java:183)
	at io.cucumber.core.runner.Runner.createTestStepsForPickleSteps(Runner.java:163)
	at io.cucumber.core.runner.Runner.createTestCaseForPickle(Runner.java:146)
	at io.cucumber.core.runner.Runner.runPickle(Runner.java:74)
	at io.cucumber.junit.PickleRunners$NoStepDescriptions.lambda$run$0(PickleRunners.java:151)
	at io.cucumber.core.runtime.CucumberExecutionContext.lambda$runTestCase$5(CucumberExecutionContext.java:137)
	at io.cucumber.core.runtime.RethrowingThrowableCollector.executeAndThrow(RethrowingThrowableCollector.java:23)
	at io.cucumber.core.runtime.CucumberExecutionContext.runTestCase(CucumberExecutionContext.java:137)
	at io.cucumber.junit.PickleRunners$NoStepDescriptions.run(PickleRunners.java:148)
	at io.cucumber.junit.FeatureRunner.runChild(FeatureRunner.java:144)
	at io.cucumber.junit.FeatureRunner.runChild(FeatureRunner.java:28)
	at io.cucumber.junit.FeatureRunner.run(FeatureRunner.java:137)
	at io.cucumber.junit.Cucumber.runChild(Cucumber.java:196)
	at io.cucumber.junit.Cucumber.runChild(Cucumber.java:89)
	at io.cucumber.core.runtime.CucumberExecutionContext.lambda$runFeatures$6(CucumberExecutionContext.java:148)
	at io.cucumber.core.runtime.CucumberExecutionContext.execute(CucumberExecutionContext.java:163)
	at io.cucumber.core.runtime.CucumberExecutionContext.runFeatures(CucumberExecutionContext.java:146)
	at io.cucumber.junit.Cucumber$StartAndFinishTestRun.evaluate(Cucumber.java:226)

Gestión de personas.ingresar nuevas personas #9 -- Time elapsed: 0.009 s <<< ERROR!
io.cucumber.core.runner.AmbiguousStepDefinitionsException: 
"se presiona el botón de guardar" matches more than one step definition:
  "^se presiona el botón de guardar$" in unpsjb.labprog.backend.PersonaSteps.se_presiona_el_boton_de_guardar()
  "se presiona el botón de guardar" in unpsjb.labprog.backend.DivisionSteps.presionarGuardar()
	at io.cucumber.core.runner.CachingGlue.findStepDefinitionMatch(CachingGlue.java:406)
	at io.cucumber.core.runner.CachingGlue.stepDefinitionMatch(CachingGlue.java:374)
	at io.cucumber.core.runner.Runner.matchStepToStepDefinition(Runner.java:183)
	at io.cucumber.core.runner.Runner.createTestStepsForPickleSteps(Runner.java:163)
	at io.cucumber.core.runner.Runner.createTestCaseForPickle(Runner.java:146)
	at io.cucumber.core.runner.Runner.runPickle(Runner.java:74)
	at io.cucumber.junit.PickleRunners$NoStepDescriptions.lambda$run$0(PickleRunners.java:151)
	at io.cucumber.core.runtime.CucumberExecutionContext.lambda$runTestCase$5(CucumberExecutionContext.java:137)
	at io.cucumber.core.runtime.RethrowingThrowableCollector.executeAndThrow(RethrowingThrowableCollector.java:23)
	at io.cucumber.core.runtime.CucumberExecutionContext.runTestCase(CucumberExecutionContext.java:137)
	at io.cucumber.junit.PickleRunners$NoStepDescriptions.run(PickleRunners.java:148)
	at io.cucumber.junit.FeatureRunner.runChild(FeatureRunner.java:144)
	at io.cucumber.junit.FeatureRunner.runChild(FeatureRunner.java:28)
	at io.cucumber.junit.FeatureRunner.run(FeatureRunner.java:137)
	at io.cucumber.junit.Cucumber.runChild(Cucumber.java:196)
	at io.cucumber.junit.Cucumber.runChild(Cucumber.java:89)
	at io.cucumber.core.runtime.CucumberExecutionContext.lambda$runFeatures$6(CucumberExecutionContext.java:148)
	at io.cucumber.core.runtime.CucumberExecutionContext.execute(CucumberExecutionContext.java:163)
	at io.cucumber.core.runtime.CucumberExecutionContext.runFeatures(CucumberExecutionContext.java:146)
	at io.cucumber.junit.Cucumber$StartAndFinishTestRun.evaluate(Cucumber.java:226)

